<?xml version="1.0" encoding="UTF-8"?>
<!-- Generated by org.testng.reporters.JUnitReportReporter -->
<testsuite hostname="DESKTOP-63M1BJ0" failures="0" tests="2" name="Tests.Login_NegativeScenario" time="31.071" errors="0" timestamp="2025-05-11T18:27:39 EEST" skipped="0">
  <testcase classname="Tests.Login_NegativeScenario" name="inCurrectUsernameAndPassword" time="21.942"/>
  <testcase classname="Tests.Login_NegativeScenario" name="inCurrectUsernameAndPassword" time="9.129"/>
</testsuite> <!-- Tests.Login_NegativeScenario -->
