<?xml version="1.0" encoding="UTF-8"?>
<!-- Generated by org.testng.reporters.JUnitReportReporter -->
<testsuite hostname="DESKTOP-63M1BJ0" failures="0" tests="1" name="Tests.Login_HappyScenario" time="30.509" errors="0" timestamp="2025-05-11T18:21:47 EEST" skipped="0">
  <testcase classname="Tests.Login_HappyScenario" name="currectUsernameAndPassword" time="30.509"/>
</testsuite> <!-- Tests.Login_HappyScenario -->
