<?xml version="1.0" encoding="UTF-8"?>
<!-- Generated by org.testng.reporters.JUnitReportReporter -->
<testsuite hostname="DESKTOP-63M1BJ0" failures="0" tests="1" name="Tests.Checkout_HappyScenario" time="43.861" errors="0" timestamp="2025-05-11T19:46:21 EEST" skipped="0">
  <testcase classname="Tests.Checkout_HappyScenario" name="verifyAddress_Checkout_AfterLogin" time="43.861"/>
</testsuite> <!-- Tests.Checkout_HappyScenario -->
