<?xml version="1.0" encoding="UTF-8"?>
<!-- Generated by org.testng.reporters.JUnitReportReporter -->
<testsuite hostname="DESKTOP-63M1BJ0" failures="0" tests="2" name="Tests.Checkout_NegativeScenario" time="37.742" errors="0" timestamp="2025-05-11T19:46:21 EEST" skipped="0">
  <testcase classname="Tests.Checkout_NegativeScenario" name="checkout_emptyCart" time="12.272"/>
  <testcase classname="Tests.Checkout_NegativeScenario" name="checkout_WithOutLogin" time="25.470"/>
</testsuite> <!-- Tests.Checkout_NegativeScenario -->
