<?xml version="1.0" encoding="UTF-8"?>
<!-- Generated by org.testng.reporters.JUnitReportReporter -->
<testsuite hostname="DESKTOP-63M1BJ0" failures="0" tests="3" name="Tests.AddToCart_HappyScenario" time="75.592" errors="0" timestamp="2025-05-11T19:39:50 EEST" skipped="0">
  <testcase classname="Tests.AddToCart_HappyScenario" name="addProductToCart_FromHomePage" time="15.259"/>
  <testcase classname="Tests.AddToCart_HappyScenario" name="addTwoDifferntProductToCart_WithContinueShopping" time="47.267"/>
  <testcase classname="Tests.AddToCart_HappyScenario" name="adjustQuantity_ThenAddToCart" time="13.066"/>
</testsuite> <!-- Tests.AddToCart_HappyScenario -->
