<?xml version="1.0" encoding="UTF-8"?>
<!-- Generated by org.testng.reporters.JUnitReportReporter -->
<testsuite hostname="DESKTOP-63M1BJ0" failures="0" tests="1" name="Tests.RegisterHappyScenario" time="7.621" errors="0" timestamp="2025-05-03T13:33:56 EEST" skipped="0">
  <testcase classname="Tests.RegisterHappyScenario" name="register_NewUserName_Mandatory" time="7.621"/>
</testsuite> <!-- Tests.RegisterHappyScenario -->
