<?xml version="1.0" encoding="UTF-8"?>
<!-- Generated by org.testng.reporters.JUnitReportReporter -->
<testsuite hostname="DESKTOP-63M1BJ0" failures="0" tests="1" name="Tests.Register_NegativeScenario" time="8.999" errors="0" timestamp="2025-05-11T19:30:02 EEST" skipped="0">
  <testcase classname="Tests.Register_NegativeScenario" name="register_WithExistEmail" time="8.999"/>
</testsuite> <!-- Tests.Register_NegativeScenario -->
