<?xml version="1.0" encoding="UTF-8"?>
<!-- Generated by org.testng.reporters.JUnitReportReporter -->
<testsuite hostname="DESKTOP-63M1BJ0" failures="0" tests="1" name="Tests.Payment_HappyScenario" time="93.551" errors="0" timestamp="2025-05-11T18:40:44 EEST" skipped="0">
  <testcase classname="Tests.Payment_HappyScenario" name="confirmOrder_EmptyCart" time="93.551"/>
</testsuite> <!-- Tests.Payment_HappyScenario -->
